2026-06-12T10:04:39.283Z	Initializing build environment...
2026-06-12T10:04:42.191Z	Success: Finished initializing build environment
2026-06-12T10:04:42.718Z	Cloning repository...
2026-06-12T10:04:45.811Z	Restoring from dependencies cache
2026-06-12T10:04:45.813Z	Restoring from build output cache
2026-06-12T10:04:47.208Z	Detected the following tools from environment: pnpm@9.15.0, npm@10.9.2, nodejs@22.16.0
2026-06-12T10:04:48.381Z	Installing project dependencies: npm clean-install --progress=false
2026-06-12T10:04:49.456Z	npm error code EUSAGE
2026-06-12T10:04:49.456Z	npm error
2026-06-12T10:04:49.456Z	npm error `npm ci` can only install packages when your package.json and package-lock.json or npm-shrinkwrap.json are in sync. Please update your lock file with `npm install` before continuing.
2026-06-12T10:04:49.456Z	npm error
2026-06-12T10:04:49.456Z	npm error Missing: pagefind@1.5.2 from lock file
2026-06-12T10:04:49.456Z	npm error Missing: @pagefind/darwin-arm64@1.5.2 from lock file
2026-06-12T10:04:49.456Z	npm error Missing: @pagefind/darwin-x64@1.5.2 from lock file
2026-06-12T10:04:49.456Z	npm error Missing: @pagefind/freebsd-x64@1.5.2 from lock file
2026-06-12T10:04:49.456Z	npm error Missing: @pagefind/linux-arm64@1.5.2 from lock file
2026-06-12T10:04:49.456Z	npm error Missing: @pagefind/linux-x64@1.5.2 from lock file
2026-06-12T10:04:49.456Z	npm error Missing: @pagefind/windows-arm64@1.5.2 from lock file
2026-06-12T10:04:49.457Z	npm error Missing: @pagefind/windows-x64@1.5.2 from lock file
2026-06-12T10:04:49.457Z	npm error
2026-06-12T10:04:49.457Z	npm error Clean install a project
2026-06-12T10:04:49.457Z	npm error
2026-06-12T10:04:49.457Z	npm error Usage:
2026-06-12T10:04:49.457Z	npm error npm ci
2026-06-12T10:04:49.457Z	npm error
2026-06-12T10:04:49.457Z	npm error Options:
2026-06-12T10:04:49.457Z	npm error [--install-strategy <hoisted|nested|shallow|linked>] [--legacy-bundling]
2026-06-12T10:04:49.457Z	npm error [--global-style] [--omit <dev|optional|peer> [--omit <dev|optional|peer> ...]]
2026-06-12T10:04:49.457Z	npm error [--include <prod|dev|optional|peer> [--include <prod|dev|optional|peer> ...]]
2026-06-12T10:04:49.457Z	npm error [--strict-peer-deps] [--foreground-scripts] [--ignore-scripts] [--no-audit]
2026-06-12T10:04:49.457Z	npm error [--no-bin-links] [--no-fund] [--dry-run]
2026-06-12T10:04:49.457Z	npm error [-w|--workspace <workspace-name> [-w|--workspace <workspace-name> ...]]
2026-06-12T10:04:49.457Z	npm error [-ws|--workspaces] [--include-workspace-root] [--install-links]
2026-06-12T10:04:49.457Z	npm error
2026-06-12T10:04:49.457Z	npm error aliases: clean-install, ic, install-clean, isntall-clean
2026-06-12T10:04:49.457Z	npm error
2026-06-12T10:04:49.457Z	npm error Run "npm help ci" for more info
2026-06-12T10:04:49.457Z	npm error A complete log of this run can be found in: /opt/buildhome/.npm/_logs/2026-06-12T10_04_48_548Z-debug-0.log
2026-06-12T10:04:49.478Z	Failed: error occurred while installing tools or dependencies